# JRE version: Java(TM) SE Runtime Environment (8.0_112-b15) (build 1.8.0_112-b15)
# Java VM: Java HotSpot(TM) 64-Bit Server VM (25.112-b15 mixed mode windows-amd64 compressed oops)
Heap:
 PSYoungGen      total 72704K, used 7600K [0x00000000d5580000, 0x00000000da900000, 0x0000000100000000)
  eden space 59904K, 0% used [0x00000000d5580000,0x00000000d5580000,0x00000000d9000000)
  from space 12800K, 59% used [0x00000000d9000000,0x00000000d976c1e0,0x00000000d9c80000)
  to   space 12800K, 0% used [0x00000000d9c80000,0x00000000d9c80000,0x00000000da900000)
 ParOldGen       total 87552K, used 47654K [0x0000000080000000, 0x0000000085580000, 0x00000000d5580000)
  object space 87552K, 54% used [0x0000000080000000,0x0000000082e89b58,0x0000000085580000)
 Metaspace       used 20554K, capacity 21086K, committed 21248K, reserved 1069056K
  class space    used 2350K, capacity 2456K, committed 2560K, reserved 1048576K
GC Heap History (10 events):
Event: 36.164 GC heap after
Heap after GC invocations=14 (full 0):
 PSYoungGen      total 38400K, used 4211K [0x00000000d5580000, 0x00000000d9680000, 0x0000000100000000)
  eden space 26624K, 0% used [0x00000000d5580000,0x00000000d5580000,0x00000000d6f80000)
  from space 11776K, 35% used [0x00000000d7b00000,0x00000000d7f1cc78,0x00000000d8680000)
  to   space 11776K, 0% used [0x00000000d6f80000,0x00000000d6f80000,0x00000000d7b00000)
 ParOldGen       total 87552K, used 42382K [0x0000000080000000, 0x0000000085580000, 0x00000000d5580000)
  object space 87552K, 48% used [0x0000000080000000,0x0000000082963a20,0x0000000085580000)
 Metaspace       used 19541K, capacity 19994K, committed 20096K, reserved 1067008K
  class space    used 2245K, capacity 2348K, committed 2432K, reserved 1048576K
}
Event: 36.432 GC heap before
{Heap before GC invocations=15 (full 0):
 PSYoungGen      total 38400K, used 30835K [0x00000000d5580000, 0x00000000d9680000, 0x0000000100000000)
  eden space 26624K, 100% used [0x00000000d5580000,0x00000000d6f80000,0x00000000d6f80000)
  from space 11776K, 35% used [0x00000000d7b00000,0x00000000d7f1cc78,0x00000000d8680000)
  to   space 11776K, 0% used [0x00000000d6f80000,0x00000000d6f80000,0x00000000d7b00000)
 ParOldGen       total 87552K, used 42382K [0x0000000080000000, 0x0000000085580000, 0x00000000d5580000)
  object space 87552K, 48% used [0x0000000080000000,0x0000000082963a20,0x0000000085580000)
 Metaspace       used 19580K, capacity 19994K, committed 20096K, reserved 1067008K
  class space    used 2247K, capacity 2348K, committed 2432K, reserved 1048576K
Event: 36.441 GC heap after
Heap after GC invocations=15 (full 0):
 PSYoungGen      total 38400K, used 1297K [0x00000000d5580000, 0x00000000d9780000, 0x0000000100000000)
  eden space 26624K, 0% used [0x00000000d5580000,0x00000000d5580000,0x00000000d6f80000)
  from space 11776K, 11% used [0x00000000d6f80000,0x00000000d70c4550,0x00000000d7b00000)
  to   space 12288K, 0% used [0x00000000d8b80000,0x00000000d8b80000,0x00000000d9780000)
 ParOldGen       total 87552K, used 46477K [0x0000000080000000, 0x0000000085580000, 0x00000000d5580000)
  object space 87552K, 53% used [0x0000000080000000,0x0000000082d637d0,0x0000000085580000)
 Metaspace       used 19580K, capacity 19994K, committed 20096K, reserved 1067008K
  class space    used 2247K, capacity 2348K, committed 2432K, reserved 1048576K
}
Event: 36.449 GC heap before
{Heap before GC invocations=16 (full 0):
 PSYoungGen      total 38400K, used 27921K [0x00000000d5580000, 0x00000000d9780000, 0x0000000100000000)
  eden space 26624K, 100% used [0x00000000d5580000,0x00000000d6f80000,0x00000000d6f80000)
  from space 11776K, 11% used [0x00000000d6f80000,0x00000000d70c4550,0x00000000d7b00000)
  to   space 12288K, 0% used [0x00000000d8b80000,0x00000000d8b80000,0x00000000d9780000)
 ParOldGen       total 87552K, used 46477K [0x0000000080000000, 0x0000000085580000, 0x00000000d5580000)
  object space 87552K, 53% used [0x0000000080000000,0x0000000082d637d0,0x0000000085580000)
 Metaspace       used 19580K, capacity 19994K, committed 20096K, reserved 1067008K
  class space    used 2247K, capacity 2348K, committed 2432K, reserved 1048576K
Event: 36.465 GC heap after
Heap after GC invocations=16 (full 0):
 PSYoungGen      total 54784K, used 128K [0x00000000d5580000, 0x00000000d9880000, 0x0000000100000000)
  eden space 42496K, 0% used [0x00000000d5580000,0x00000000d5580000,0x00000000d7f00000)
  from space 12288K, 1% used [0x00000000d8b80000,0x00000000d8ba0000,0x00000000d9780000)
  to   space 12800K, 0% used [0x00000000d7f00000,0x00000000d7f00000,0x00000000d8b80000)
 ParOldGen       total 87552K, used 47646K [0x0000000080000000, 0x0000000085580000, 0x00000000d5580000)
  object space 87552K, 54% used [0x0000000080000000,0x0000000082e87b58,0x0000000085580000)
 Metaspace       used 19580K, capacity 19994K, committed 20096K, reserved 1067008K
  class space    used 2247K, capacity 2348K, committed 2432K, reserved 1048576K
}
Event: 36.480 GC heap before
{Heap before GC invocations=17 (full 0):
 PSYoungGen      total 54784K, used 42624K [0x00000000d5580000, 0x00000000d9880000, 0x0000000100000000)
  eden space 42496K, 100% used [0x00000000d5580000,0x00000000d7f00000,0x00000000d7f00000)
  from space 12288K, 1% used [0x00000000d8b80000,0x00000000d8ba0000,0x00000000d9780000)
  to   space 12800K, 0% used [0x00000000d7f00000,0x00000000d7f00000,0x00000000d8b80000)
 ParOldGen       total 87552K, used 47646K [0x0000000080000000, 0x0000000085580000, 0x00000000d5580000)
  object space 87552K, 54% used [0x0000000080000000,0x0000000082e87b58,0x0000000085580000)
 Metaspace       used 19580K, capacity 19994K, committed 20096K, reserved 1067008K
  class space    used 2247K, capacity 2348K, committed 2432K, reserved 1048576K
Event: 36.493 GC heap after
Heap after GC invocations=17 (full 0):
 PSYoungGen      total 55296K, used 160K [0x00000000d5580000, 0x00000000da900000, 0x0000000100000000)
  eden space 42496K, 0% used [0x00000000d5580000,0x00000000d5580000,0x00000000d7f00000)
  from space 12800K, 1% used [0x00000000d7f00000,0x00000000d7f28000,0x00000000d8b80000)
  to   space 12800K, 0% used [0x00000000d9c80000,0x00000000d9c80000,0x00000000da900000)
 ParOldGen       total 87552K, used 47646K [0x0000000080000000, 0x0000000085580000, 0x00000000d5580000)
  object space 87552K, 54% used [0x0000000080000000,0x0000000082e87b58,0x0000000085580000)
 Metaspace       used 19580K, capacity 19994K, committed 20096K, reserved 1067008K
  class space    used 2247K, capacity 2348K, committed 2432K, reserved 1048576K
}
Event: 36.506 GC heap before
{Heap before GC invocations=18 (full 0):
 PSYoungGen      total 55296K, used 42656K [0x00000000d5580000, 0x00000000da900000, 0x0000000100000000)
  eden space 42496K, 100% used [0x00000000d5580000,0x00000000d7f00000,0x00000000d7f00000)
  from space 12800K, 1% used [0x00000000d7f00000,0x00000000d7f28000,0x00000000d8b80000)
  to   space 12800K, 0% used [0x00000000d9c80000,0x00000000d9c80000,0x00000000da900000)
 ParOldGen       total 87552K, used 47646K [0x0000000080000000, 0x0000000085580000, 0x00000000d5580000)
  object space 87552K, 54% used [0x0000000080000000,0x0000000082e87b58,0x0000000085580000)
 Metaspace       used 19580K, capacity 19994K, committed 20096K, reserved 1067008K
  class space    used 2247K, capacity 2348K, committed 2432K, reserved 1048576K
Event: 36.508 GC heap after
Heap after GC invocations=18 (full 0):
 PSYoungGen      total 72704K, used 160K [0x00000000d5580000, 0x00000000da900000, 0x0000000100000000)
  eden space 59904K, 0% used [0x00000000d5580000,0x00000000d5580000,0x00000000d9000000)
  from space 12800K, 1% used [0x00000000d9c80000,0x00000000d9ca8000,0x00000000da900000)
  to   space 12800K, 0% used [0x00000000d9000000,0x00000000d9000000,0x00000000d9c80000)
 ParOldGen       total 87552K, used 47646K [0x0000000080000000, 0x0000000085580000, 0x00000000d5580000)
  object space 87552K, 54% used [0x0000000080000000,0x0000000082e87b58,0x0000000085580000)
 Metaspace       used 19580K, capacity 19994K, committed 20096K, reserved 1067008K
  class space    used 2247K, capacity 2348K, committed 2432K, reserved 1048576K
}
Event: 38.456 GC heap before
{Heap before GC invocations=19 (full 0):
 PSYoungGen      total 72704K, used 52585K [0x00000000d5580000, 0x00000000da900000, 0x0000000100000000)
  eden space 59904K, 87% used [0x00000000d5580000,0x00000000d88b2590,0x00000000d9000000)
  from space 12800K, 1% used [0x00000000d9c80000,0x00000000d9ca8000,0x00000000da900000)
  to   space 12800K, 0% used [0x00000000d9000000,0x00000000d9000000,0x00000000d9c80000)
 ParOldGen       total 87552K, used 47646K [0x0000000080000000, 0x0000000085580000, 0x00000000d5580000)
  object space 87552K, 54% used [0x0000000080000000,0x0000000082e87b58,0x0000000085580000)
 Metaspace       used 20554K, capacity 21086K, committed 21248K, reserved 1069056K
  class space    used 2350K, capacity 2456K, committed 2560K, reserved 1048576K

